\BOOKMARK [1][-]{section.1}{\376\377\000D\0003\000\040\000\040\221\317\133\120\133\306\224\245\122\006\123\321\000\040\000\040\230\204\116\140\142\245\124\112}{}% 1
\BOOKMARK [2][-]{subsection.1.1}{\376\377\133\236\232\214\166\356\166\204}{section.1}% 2
\BOOKMARK [2][-]{subsection.1.2}{\376\377\116\352\126\150\165\050\121\167}{section.1}% 3
\BOOKMARK [2][-]{subsection.1.3}{\376\377\123\237\164\006\151\202\217\360}{section.1}% 4
\BOOKMARK [2][-]{subsection.1.4}{\376\377\133\236\232\214\122\115\140\035\200\003\230\230}{section.1}% 5
\BOOKMARK [1][-]{section.2}{\376\377\000D\0003\000\040\000\040\221\317\133\120\133\306\224\245\122\006\123\321\000\040\000\040\133\236\232\214\213\260\137\125}{}% 6
\BOOKMARK [2][-]{subsection.2.1}{\376\377\133\236\232\214\121\205\133\271\124\214\153\145\232\244}{section.2}% 7
\BOOKMARK [3][-]{subsubsection.2.1.1}{\376\377\133\236\232\214\116\000\000\040\000\040\121\111\166\204\120\117\143\057\166\204\155\113\221\317\124\214\143\247\122\066}{subsection.2.1}% 8
\BOOKMARK [3][-]{subsubsection.2.1.2}{\376\377\133\236\232\214\116\214\000\040\000\040\123\125\121\111\133\120\166\204\143\242\155\113\123\312\166\370\136\224\143\242\155\113\126\150\145\110\163\207\166\204\155\113\221\317}{subsection.2.1}% 9
\BOOKMARK [3][-]{subsubsection.2.1.3}{\376\377\133\236\232\214\116\011\000\040\000\040\123\125\121\111\133\120\166\204\150\007\133\232}{subsection.2.1}% 10
\BOOKMARK [3][-]{subsubsection.2.1.4}{\376\377\133\236\232\214\126\333\000\040\000\040\133\306\224\245\122\006\123\321\217\307\172\013\145\160\143\156\131\004\164\006}{subsection.2.1}% 11
\BOOKMARK [2][-]{subsection.2.2}{\376\377\133\236\232\214\145\160\143\156\213\260\137\125}{section.2}% 12
\BOOKMARK [2][-]{subsection.2.3}{\376\377\133\236\232\214\217\307\172\013\116\055\220\107\122\060\166\204\225\356\230\230\213\260\137\125}{section.2}% 13
\BOOKMARK [1][-]{section.3}{\376\377\000D\0003\000\040\000\040\221\317\133\120\133\306\224\245\122\006\123\321\000\040\000\040\122\006\147\220\116\016\213\250\213\272}{}% 14
\BOOKMARK [2][-]{subsection.3.1}{\376\377\133\236\232\214\145\160\143\156\122\006\147\220}{section.3}% 15
\BOOKMARK [3][-]{subsubsection.3.1.1}{\376\377\133\236\232\214\116\000\000\040\000\040\121\111\166\204\120\117\143\057\166\204\155\113\221\317\124\214\143\247\122\066}{subsection.3.1}% 16
\BOOKMARK [3][-]{subsubsection.3.1.2}{\376\377\133\236\232\214\116\214\000\040\000\040\123\125\121\111\133\120\166\204\143\242\155\113\123\312\166\370\136\224\143\242\155\113\126\150\145\110\163\207\166\204\155\113\221\317}{subsection.3.1}% 17
\BOOKMARK [3][-]{subsubsection.3.1.3}{\376\377\133\236\232\214\116\011\000\040\000\040\123\125\121\111\133\120\166\204\150\007\133\232}{subsection.3.1}% 18
\BOOKMARK [3][-]{subsubsection.3.1.4}{\376\377\133\236\232\214\126\333\000\040\000\040\133\306\224\245\122\006\123\321\217\307\172\013\145\160\143\156\131\004\164\006}{subsection.3.1}% 19
\BOOKMARK [2][-]{subsection.3.2}{\376\377\133\236\232\214\124\016\140\035\200\003\230\230}{section.3}% 20
\BOOKMARK [1][-]{section.4}{\376\377\000D\0003\000\040\000\040\221\317\133\120\133\306\224\245\122\006\123\321\000\040\000\040\133\236\232\214\140\073\176\323}{}% 21
\BOOKMARK [2][-]{subsection.4.1}{\376\377\133\236\232\214\122\006\135\345}{section.4}% 22
